<?xml version="1.0" encoding="UTF-8"?>
<!-- Generated by org.testng.reporters.JUnitReportReporter -->
<testsuite skipped="0" hostname="DAWN" name="test.stripe.api.runner.CustomerRunner" tests="72" failures="2" timestamp="2020-04-21T14:44:15 IST" time="349.055" errors="0">
  <testcase name="runScenario" time="4.410" classname="test.stripe.api.runner.CustomerRunner"/>
  <system-out/>
  <testcase name="runScenario" time="3.845" classname="test.stripe.api.runner.CustomerRunner"/>
  <system-out/>
  <testcase name="runScenario" time="3.743" classname="test.stripe.api.runner.CustomerRunner"/>
  <system-out/>
  <testcase name="runScenario" time="4.132" classname="test.stripe.api.runner.CustomerRunner"/>
  <system-out/>
  <testcase name="runScenario" time="3.820" classname="test.stripe.api.runner.CustomerRunner"/>
  <system-out/>
  <testcase name="runScenario" time="4.047" classname="test.stripe.api.runner.CustomerRunner"/>
  <system-out/>
  <testcase name="runScenario" time="11.279" classname="test.stripe.api.runner.CustomerRunner"/>
  <system-out/>
  <testcase name="runScenario" time="13.734" classname="test.stripe.api.runner.CustomerRunner"/>
  <system-out/>
  <testcase name="runScenario" time="3.967" classname="test.stripe.api.runner.CustomerRunner"/>
  <system-out/>
  <testcase name="runScenario" time="4.986" classname="test.stripe.api.runner.CustomerRunner"/>
  <system-out/>
  <testcase name="runScenario" time="5.121" classname="test.stripe.api.runner.CustomerRunner"/>
  <system-out/>
  <testcase name="runScenario" time="10.824" classname="test.stripe.api.runner.CustomerRunner"/>
  <system-out/>
  <testcase name="runScenario" time="3.853" classname="test.stripe.api.runner.CustomerRunner"/>
  <system-out/>
  <testcase name="runScenario" time="3.758" classname="test.stripe.api.runner.CustomerRunner"/>
  <system-out/>
  <testcase name="runScenario" time="10.795" classname="test.stripe.api.runner.CustomerRunner"/>
  <system-out/>
  <testcase name="runScenario" time="4.383" classname="test.stripe.api.runner.CustomerRunner"/>
  <system-out/>
  <testcase name="runScenario" time="3.750" classname="test.stripe.api.runner.CustomerRunner"/>
  <system-out/>
  <testcase name="runScenario" time="4.161" classname="test.stripe.api.runner.CustomerRunner"/>
  <system-out/>
  <testcase name="runScenario" time="4.066" classname="test.stripe.api.runner.CustomerRunner"/>
  <system-out/>
  <testcase name="runScenario" time="9.844" classname="test.stripe.api.runner.CustomerRunner"/>
  <system-out/>
  <testcase name="runScenario" time="3.717" classname="test.stripe.api.runner.CustomerRunner"/>
  <system-out/>
  <testcase name="runScenario" time="3.709" classname="test.stripe.api.runner.CustomerRunner"/>
  <system-out/>
  <testcase name="runScenario" time="4.524" classname="test.stripe.api.runner.CustomerRunner"/>
  <system-out/>
  <testcase name="runScenario" time="3.728" classname="test.stripe.api.runner.CustomerRunner"/>
  <system-out/>
  <testcase name="runScenario" time="4.201" classname="test.stripe.api.runner.CustomerRunner"/>
  <system-out/>
  <testcase name="runScenario" time="3.738" classname="test.stripe.api.runner.CustomerRunner"/>
  <system-out/>
  <testcase name="runScenario" time="3.705" classname="test.stripe.api.runner.CustomerRunner"/>
  <system-out/>
  <testcase name="runScenario" time="3.651" classname="test.stripe.api.runner.CustomerRunner"/>
  <system-out/>
  <testcase name="runScenario" time="2.369" classname="test.stripe.api.runner.CustomerRunner">
    <failure type="java.lang.AssertionError" message="expected [true] but found [false]">
      <![CDATA[java.lang.AssertionError: expected [true] but found [false]
at org.testng.Assert.fail(Assert.java:97)
at org.testng.Assert.failNotEquals(Assert.java:969)
at org.testng.Assert.assertTrue(Assert.java:43)
at org.testng.Assert.assertTrue(Assert.java:53)
at test.stripe.steps.StripeCustomer.validate_status_code_is_(StripeCustomer.java:44)
at ✽.validate status code is "20"(file:src/test/resources/Scenarios/StripeApiFlow.feature:12)
]]>
    </failure>
  </testcase> <!-- runScenario -->
  <system-out/>
  <testcase name="runScenario" time="3.685" classname="test.stripe.api.runner.CustomerRunner"/>
  <system-out/>
  <testcase name="runScenario" time="3.723" classname="test.stripe.api.runner.CustomerRunner"/>
  <system-out/>
  <testcase name="runScenario" time="3.778" classname="test.stripe.api.runner.CustomerRunner"/>
  <system-out/>
  <testcase name="runScenario" time="4.880" classname="test.stripe.api.runner.CustomerRunner"/>
  <system-out/>
  <testcase name="runScenario" time="3.732" classname="test.stripe.api.runner.CustomerRunner"/>
  <system-out/>
  <testcase name="runScenario" time="11.497" classname="test.stripe.api.runner.CustomerRunner"/>
  <system-out/>
  <testcase name="runScenario" time="3.706" classname="test.stripe.api.runner.CustomerRunner"/>
  <system-out/>
  <testcase name="runScenario" time="5.299" classname="test.stripe.api.runner.CustomerRunner"/>
  <system-out/>
  <testcase name="runScenario" time="3.858" classname="test.stripe.api.runner.CustomerRunner"/>
  <system-out/>
  <testcase name="runScenario" time="4.006" classname="test.stripe.api.runner.CustomerRunner"/>
  <system-out/>
  <testcase name="runScenario" time="3.698" classname="test.stripe.api.runner.CustomerRunner"/>
  <system-out/>
  <testcase name="runScenario" time="4.962" classname="test.stripe.api.runner.CustomerRunner"/>
  <system-out/>
  <testcase name="runScenario" time="3.845" classname="test.stripe.api.runner.CustomerRunner"/>
  <system-out/>
  <testcase name="runScenario" time="3.952" classname="test.stripe.api.runner.CustomerRunner"/>
  <system-out/>
  <testcase name="runScenario" time="2.551" classname="test.stripe.api.runner.CustomerRunner">
    <failure type="java.lang.AssertionError" message="expected [true] but found [false]">
      <![CDATA[java.lang.AssertionError: expected [true] but found [false]
at org.testng.Assert.fail(Assert.java:97)
at org.testng.Assert.failNotEquals(Assert.java:969)
at org.testng.Assert.assertTrue(Assert.java:43)
at org.testng.Assert.assertTrue(Assert.java:53)
at test.stripe.steps.StripeCustomer.validate_status_code_is_(StripeCustomer.java:44)
at ✽.validate status code is "20"(file:src/test/resources/Scenarios/StripeApiFlow.feature:12)
]]>
    </failure>
  </testcase> <!-- runScenario -->
  <system-out/>
  <testcase name="runScenario" time="4.141" classname="test.stripe.api.runner.CustomerRunner"/>
  <system-out/>
  <testcase name="runScenario" time="5.443" classname="test.stripe.api.runner.CustomerRunner"/>
  <system-out/>
  <testcase name="runScenario" time="4.669" classname="test.stripe.api.runner.CustomerRunner"/>
  <system-out/>
  <testcase name="runScenario" time="3.656" classname="test.stripe.api.runner.CustomerRunner"/>
  <system-out/>
  <testcase name="runScenario" time="12.536" classname="test.stripe.api.runner.CustomerRunner"/>
  <system-out/>
  <testcase name="runScenario" time="4.308" classname="test.stripe.api.runner.CustomerRunner"/>
  <system-out/>
  <testcase name="runScenario" time="3.718" classname="test.stripe.api.runner.CustomerRunner"/>
  <system-out/>
  <testcase name="runScenario" time="4.026" classname="test.stripe.api.runner.CustomerRunner"/>
  <system-out/>
  <testcase name="runScenario" time="3.805" classname="test.stripe.api.runner.CustomerRunner"/>
  <system-out/>
  <testcase name="runScenario" time="4.156" classname="test.stripe.api.runner.CustomerRunner"/>
  <system-out/>
  <testcase name="runScenario" time="3.828" classname="test.stripe.api.runner.CustomerRunner"/>
  <system-out/>
  <testcase name="runScenario" time="3.891" classname="test.stripe.api.runner.CustomerRunner"/>
  <system-out/>
  <testcase name="runScenario" time="4.470" classname="test.stripe.api.runner.CustomerRunner"/>
  <system-out/>
  <testcase name="runScenario" time="3.753" classname="test.stripe.api.runner.CustomerRunner"/>
  <system-out/>
  <testcase name="runScenario" time="3.998" classname="test.stripe.api.runner.CustomerRunner"/>
  <system-out/>
  <testcase name="runScenario" time="4.850" classname="test.stripe.api.runner.CustomerRunner"/>
  <system-out/>
  <testcase name="runScenario" time="4.630" classname="test.stripe.api.runner.CustomerRunner"/>
  <system-out/>
  <testcase name="runScenario" time="11.271" classname="test.stripe.api.runner.CustomerRunner"/>
  <system-out/>
  <testcase name="runScenario" time="3.781" classname="test.stripe.api.runner.CustomerRunner"/>
  <system-out/>
  <testcase name="runScenario" time="3.838" classname="test.stripe.api.runner.CustomerRunner"/>
  <system-out/>
  <testcase name="runScenario" time="3.905" classname="test.stripe.api.runner.CustomerRunner"/>
  <system-out/>
  <testcase name="runScenario" time="3.908" classname="test.stripe.api.runner.CustomerRunner"/>
  <system-out/>
  <testcase name="runScenario" time="3.790" classname="test.stripe.api.runner.CustomerRunner"/>
  <system-out/>
  <testcase name="runScenario" time="4.249" classname="test.stripe.api.runner.CustomerRunner"/>
  <system-out/>
  <testcase name="runScenario" time="3.854" classname="test.stripe.api.runner.CustomerRunner"/>
  <system-out/>
  <testcase name="runScenario" time="3.841" classname="test.stripe.api.runner.CustomerRunner"/>
  <system-out/>
  <testcase name="runScenario" time="3.837" classname="test.stripe.api.runner.CustomerRunner"/>
  <system-out/>
  <testcase name="runScenario" time="3.871" classname="test.stripe.api.runner.CustomerRunner"/>
  <system-out/>
</testsuite> <!-- test.stripe.api.runner.CustomerRunner -->
