<?xml version="1.0" encoding="UTF-8"?>
<!-- Generated by org.testng.reporters.JUnitReportReporter -->
<testsuite skipped="0" hostname="DAWN" name="test.payapl.api.CreateToken" tests="1" failures="0" timestamp="2020-04-14T00:48:40 IST" time="1.761" errors="0">
  <testcase name="generateToken" time="1.761" classname="test.payapl.api.CreateToken"/>
  <system-out/>
</testsuite> <!-- test.payapl.api.CreateToken -->
