<?xml version="1.0" encoding="UTF-8"?>
<!-- Generated by org.testng.reporters.JUnitReportReporter -->
<testsuite skipped="0" hostname="DAWN" name="test.payapl.api.CreateOrderTest" tests="1" failures="0" timestamp="2020-04-13T18:30:58 IST" time="8.931" errors="0">
  <testcase name="createPaypalOrder" time="8.931" classname="test.payapl.api.CreateOrderTest"/>
  <system-out/>
</testsuite> <!-- test.payapl.api.CreateOrderTest -->
