<?xml version="1.0" encoding="UTF-8"?>
<!-- Generated by org.testng.reporters.JUnitReportReporter -->
<testsuite skipped="0" hostname="DAWN" name="test.payapl.api.CreateOrderTest" tests="4" failures="0" timestamp="2020-04-14T00:48:39 IST" time="15.213" errors="0">
  <testcase name="createPaypalOrderInvalidData" time="3.688" classname="test.payapl.api.CreateOrderTest"/>
  <system-out/>
  <testcase name="createPaypalOrderInvalidData" time="3.664" classname="test.payapl.api.CreateOrderTest"/>
  <system-out/>
  <testcase name="createPaypalOrderInvalidData" time="3.445" classname="test.payapl.api.CreateOrderTest"/>
  <system-out/>
  <testcase name="createPaypalOrder" time="4.416" classname="test.payapl.api.CreateOrderTest"/>
  <system-out/>
</testsuite> <!-- test.payapl.api.CreateOrderTest -->
