<?xml version="1.0" encoding="UTF-8"?>
<!-- Generated by org.testng.reporters.JUnitReportReporter -->
<testsuite skipped="0" hostname="DAWN" name="test.stripe.api.FlowTest" tests="8" failures="0" timestamp="2020-04-14T00:48:39 IST" time="10.885" errors="0">
  <testcase name="deleteCustomer" time="0.921" classname="test.stripe.api.FlowTest"/>
  <system-out/>
  <testcase name="deleteCustomer" time="0.887" classname="test.stripe.api.FlowTest"/>
  <system-out/>
  <testcase name="getCustomerDetails" time="1.074" classname="test.stripe.api.FlowTest"/>
  <system-out/>
  <testcase name="validatedUpdatedCustomerDetails" time="0.747" classname="test.stripe.api.FlowTest"/>
  <system-out/>
  <testcase name="validatedUpdatedCustomerDetails" time="0.741" classname="test.stripe.api.FlowTest"/>
  <system-out/>
  <testcase name="createCustomer" time="5.028" classname="test.stripe.api.FlowTest"/>
  <system-out/>
  <testcase name="updateCustomer" time="0.752" classname="test.stripe.api.FlowTest"/>
  <system-out/>
  <testcase name="updateCustomer" time="0.735" classname="test.stripe.api.FlowTest"/>
  <system-out/>
</testsuite> <!-- test.stripe.api.FlowTest -->
