<?xml version="1.0" encoding="UTF-8"?>
<!-- Generated by org.testng.reporters.JUnitReportReporter -->
<testsuite skipped="0" hostname="DAWN" name="test.payapl.api.GetOrderDetails" tests="1" failures="0" timestamp="2020-04-14T00:48:40 IST" time="3.805" errors="0">
  <testcase name="getPaypalOrder" time="3.805" classname="test.payapl.api.GetOrderDetails"/>
  <system-out/>
</testsuite> <!-- test.payapl.api.GetOrderDetails -->
