<?xml version="1.0" encoding="UTF-8"?>
<!-- Generated by org.testng.reporters.JUnitReportReporter -->
<testsuite skipped="0" hostname="DAWN" name="test.stripe.api.runner.CustomerRunner" tests="72" failures="0" timestamp="2020-04-21T14:51:21 IST" time="282.352" errors="0">
  <testcase name="runScenario" time="3.768" classname="test.stripe.api.runner.CustomerRunner"/>
  <system-out/>
  <testcase name="runScenario" time="3.668" classname="test.stripe.api.runner.CustomerRunner"/>
  <system-out/>
  <testcase name="runScenario" time="3.647" classname="test.stripe.api.runner.CustomerRunner"/>
  <system-out/>
  <testcase name="runScenario" time="3.645" classname="test.stripe.api.runner.CustomerRunner"/>
  <system-out/>
  <testcase name="runScenario" time="3.883" classname="test.stripe.api.runner.CustomerRunner"/>
  <system-out/>
  <testcase name="runScenario" time="3.731" classname="test.stripe.api.runner.CustomerRunner"/>
  <system-out/>
  <testcase name="runScenario" time="3.903" classname="test.stripe.api.runner.CustomerRunner"/>
  <system-out/>
  <testcase name="runScenario" time="3.933" classname="test.stripe.api.runner.CustomerRunner"/>
  <system-out/>
  <testcase name="runScenario" time="3.813" classname="test.stripe.api.runner.CustomerRunner"/>
  <system-out/>
  <testcase name="runScenario" time="3.634" classname="test.stripe.api.runner.CustomerRunner"/>
  <system-out/>
  <testcase name="runScenario" time="3.903" classname="test.stripe.api.runner.CustomerRunner"/>
  <system-out/>
  <testcase name="runScenario" time="3.729" classname="test.stripe.api.runner.CustomerRunner"/>
  <system-out/>
  <testcase name="runScenario" time="3.593" classname="test.stripe.api.runner.CustomerRunner"/>
  <system-out/>
  <testcase name="runScenario" time="3.706" classname="test.stripe.api.runner.CustomerRunner"/>
  <system-out/>
  <testcase name="runScenario" time="3.684" classname="test.stripe.api.runner.CustomerRunner"/>
  <system-out/>
  <testcase name="runScenario" time="8.463" classname="test.stripe.api.runner.CustomerRunner"/>
  <system-out/>
  <testcase name="runScenario" time="3.740" classname="test.stripe.api.runner.CustomerRunner"/>
  <system-out/>
  <testcase name="runScenario" time="4.074" classname="test.stripe.api.runner.CustomerRunner"/>
  <system-out/>
  <testcase name="runScenario" time="3.570" classname="test.stripe.api.runner.CustomerRunner"/>
  <system-out/>
  <testcase name="runScenario" time="3.664" classname="test.stripe.api.runner.CustomerRunner"/>
  <system-out/>
  <testcase name="runScenario" time="3.838" classname="test.stripe.api.runner.CustomerRunner"/>
  <system-out/>
  <testcase name="runScenario" time="3.741" classname="test.stripe.api.runner.CustomerRunner"/>
  <system-out/>
  <testcase name="runScenario" time="3.685" classname="test.stripe.api.runner.CustomerRunner"/>
  <system-out/>
  <testcase name="runScenario" time="3.690" classname="test.stripe.api.runner.CustomerRunner"/>
  <system-out/>
  <testcase name="runScenario" time="3.677" classname="test.stripe.api.runner.CustomerRunner"/>
  <system-out/>
  <testcase name="runScenario" time="3.606" classname="test.stripe.api.runner.CustomerRunner"/>
  <system-out/>
  <testcase name="runScenario" time="4.104" classname="test.stripe.api.runner.CustomerRunner"/>
  <system-out/>
  <testcase name="runScenario" time="3.834" classname="test.stripe.api.runner.CustomerRunner"/>
  <system-out/>
  <testcase name="runScenario" time="3.598" classname="test.stripe.api.runner.CustomerRunner"/>
  <system-out/>
  <testcase name="runScenario" time="3.601" classname="test.stripe.api.runner.CustomerRunner"/>
  <system-out/>
  <testcase name="runScenario" time="3.923" classname="test.stripe.api.runner.CustomerRunner"/>
  <system-out/>
  <testcase name="runScenario" time="3.885" classname="test.stripe.api.runner.CustomerRunner"/>
  <system-out/>
  <testcase name="runScenario" time="3.815" classname="test.stripe.api.runner.CustomerRunner"/>
  <system-out/>
  <testcase name="runScenario" time="3.828" classname="test.stripe.api.runner.CustomerRunner"/>
  <system-out/>
  <testcase name="runScenario" time="3.485" classname="test.stripe.api.runner.CustomerRunner"/>
  <system-out/>
  <testcase name="runScenario" time="3.778" classname="test.stripe.api.runner.CustomerRunner"/>
  <system-out/>
  <testcase name="runScenario" time="3.777" classname="test.stripe.api.runner.CustomerRunner"/>
  <system-out/>
  <testcase name="runScenario" time="3.795" classname="test.stripe.api.runner.CustomerRunner"/>
  <system-out/>
  <testcase name="runScenario" time="4.195" classname="test.stripe.api.runner.CustomerRunner"/>
  <system-out/>
  <testcase name="runScenario" time="3.756" classname="test.stripe.api.runner.CustomerRunner"/>
  <system-out/>
  <testcase name="runScenario" time="3.593" classname="test.stripe.api.runner.CustomerRunner"/>
  <system-out/>
  <testcase name="runScenario" time="3.646" classname="test.stripe.api.runner.CustomerRunner"/>
  <system-out/>
  <testcase name="runScenario" time="3.923" classname="test.stripe.api.runner.CustomerRunner"/>
  <system-out/>
  <testcase name="runScenario" time="3.677" classname="test.stripe.api.runner.CustomerRunner"/>
  <system-out/>
  <testcase name="runScenario" time="4.149" classname="test.stripe.api.runner.CustomerRunner"/>
  <system-out/>
  <testcase name="runScenario" time="3.800" classname="test.stripe.api.runner.CustomerRunner"/>
  <system-out/>
  <testcase name="runScenario" time="3.784" classname="test.stripe.api.runner.CustomerRunner"/>
  <system-out/>
  <testcase name="runScenario" time="3.618" classname="test.stripe.api.runner.CustomerRunner"/>
  <system-out/>
  <testcase name="runScenario" time="3.804" classname="test.stripe.api.runner.CustomerRunner"/>
  <system-out/>
  <testcase name="runScenario" time="3.597" classname="test.stripe.api.runner.CustomerRunner"/>
  <system-out/>
  <testcase name="runScenario" time="3.826" classname="test.stripe.api.runner.CustomerRunner"/>
  <system-out/>
  <testcase name="runScenario" time="4.004" classname="test.stripe.api.runner.CustomerRunner"/>
  <system-out/>
  <testcase name="runScenario" time="3.802" classname="test.stripe.api.runner.CustomerRunner"/>
  <system-out/>
  <testcase name="runScenario" time="3.755" classname="test.stripe.api.runner.CustomerRunner"/>
  <system-out/>
  <testcase name="runScenario" time="3.707" classname="test.stripe.api.runner.CustomerRunner"/>
  <system-out/>
  <testcase name="runScenario" time="3.860" classname="test.stripe.api.runner.CustomerRunner"/>
  <system-out/>
  <testcase name="runScenario" time="3.753" classname="test.stripe.api.runner.CustomerRunner"/>
  <system-out/>
  <testcase name="runScenario" time="3.632" classname="test.stripe.api.runner.CustomerRunner"/>
  <system-out/>
  <testcase name="runScenario" time="3.731" classname="test.stripe.api.runner.CustomerRunner"/>
  <system-out/>
  <testcase name="runScenario" time="3.673" classname="test.stripe.api.runner.CustomerRunner"/>
  <system-out/>
  <testcase name="runScenario" time="3.694" classname="test.stripe.api.runner.CustomerRunner"/>
  <system-out/>
  <testcase name="runScenario" time="3.700" classname="test.stripe.api.runner.CustomerRunner"/>
  <system-out/>
  <testcase name="runScenario" time="3.860" classname="test.stripe.api.runner.CustomerRunner"/>
  <system-out/>
  <testcase name="runScenario" time="3.762" classname="test.stripe.api.runner.CustomerRunner"/>
  <system-out/>
  <testcase name="runScenario" time="3.633" classname="test.stripe.api.runner.CustomerRunner"/>
  <system-out/>
  <testcase name="runScenario" time="3.966" classname="test.stripe.api.runner.CustomerRunner"/>
  <system-out/>
  <testcase name="runScenario" time="3.660" classname="test.stripe.api.runner.CustomerRunner"/>
  <system-out/>
  <testcase name="runScenario" time="3.709" classname="test.stripe.api.runner.CustomerRunner"/>
  <system-out/>
  <testcase name="runScenario" time="5.931" classname="test.stripe.api.runner.CustomerRunner"/>
  <system-out/>
  <testcase name="runScenario" time="3.632" classname="test.stripe.api.runner.CustomerRunner"/>
  <system-out/>
  <testcase name="runScenario" time="8.329" classname="test.stripe.api.runner.CustomerRunner"/>
  <system-out/>
  <testcase name="runScenario" time="3.780" classname="test.stripe.api.runner.CustomerRunner"/>
  <system-out/>
</testsuite> <!-- test.stripe.api.runner.CustomerRunner -->
